<?xml version="1.0" encoding="UTF-8"?>
<!-- Generated by org.testng.reporters.JUnitReportReporter -->
<testsuite hostname="DESKTOP-5CH54PI" failures="0" tests="1" name="ui.LoginTestTest" time="10.689" errors="0" timestamp="2024-04-27T15:25:38 PKT" skipped="0">
  <testcase classname="ui.LoginTestTest" name="login" time="10.689"/>
  <system-out/>
</testsuite> <!-- ui.LoginTestTest -->
