<?xml version="1.0" encoding="UTF-8"?>
<!-- Generated by org.testng.reporters.JUnitReportReporter -->
<testsuite hostname="DESKTOP-5CH54PI" failures="0" tests="1" name="ui.LoginTestTest" time="11.256" errors="0" timestamp="2024-04-27T16:45:53 PKT" skipped="0">
  <testcase classname="ui.LoginTestTest" name="login" time="11.256"/>
  <system-out/>
</testsuite> <!-- ui.LoginTestTest -->
